BT2_android/MyApplication/app/build/intermediates/manifest_merge_blame_file/debug/processDebugMainManifest/manifest-merger-blame-debug-report.txt
1<?xml version="1.0" encoding="utf-8"?>
2<manifest xmlns:android="http://schemas.android.com/apk/res/android"
3    package="com.example.myapplication"
4    android:versionCode="1"
5    android:versionName="1.0" >
6
7    <uses-sdk
8        android:minSdkVersion="23"
9        android:targetSdkVersion="34" />
10
11    <!-- Cấp quyền truy cập Internet và vị trí -->
12    <uses-permission android:name="android.permission.INTERNET" />
12-->src\main\AndroidManifest.xml:7:5-66
12-->src\main\AndroidManifest.xml:7:22-64
13    <uses-permission android:name="android.permission.ACCESS_FINE_LOCATION" />
13-->src\main\AndroidManifest.xml:8:5-78
13-->src\main\AndroidManifest.xml:8:22-76
14    <uses-permission android:name="android.permission.ACCESS_COARSE_LOCATION" />
14-->src\main\AndroidManifest.xml:9:5-80
14-->src\main\AndroidManifest.xml:9:22-78
15    <!-- Include required permissions for Google Maps API to run. -->
16    <uses-permission android:name="android.permission.ACCESS_NETWORK_STATE" />
16-->[com.google.android.gms:play-services-maps:18.2.0] AndroidManifest.xml:23:5-79
16-->[com.google.android.gms:play-services-maps:18.2.0] AndroidManifest.xml:23:22-76
17
18    <uses-feature
18-->[com.google.android.gms:play-services-maps:18.2.0] AndroidManifest.xml:26:5-28:35
19        android:glEsVersion="0x00020000"
19-->[com.google.android.gms:play-services-maps:18.2.0] AndroidManifest.xml:27:9-41
20        android:required="true" />
20-->[com.google.android.gms:play-services-maps:18.2.0] AndroidManifest.xml:28:9-32
21
22    <queries>
22-->[com.google.android.gms:play-services-maps:18.2.0] AndroidManifest.xml:30:5-34:15
23
24        <!-- Needs to be explicitly declared on Android R+ -->
25        <package android:name="com.google.android.apps.maps" />
25-->[com.google.android.gms:play-services-maps:18.2.0] AndroidManifest.xml:33:9-64
25-->[com.google.android.gms:play-services-maps:18.2.0] AndroidManifest.xml:33:18-61
26    </queries>
27
28    <uses-permission android:name="android.permission.WAKE_LOCK" />
28-->[com.google.android.gms:play-services-measurement:22.3.0] AndroidManifest.xml:25:5-68
28-->[com.google.android.gms:play-services-measurement:22.3.0] AndroidManifest.xml:25:22-65
29    <uses-permission android:name="com.google.android.finsky.permission.BIND_GET_INSTALL_REFERRER_SERVICE" />
29-->[com.google.android.gms:play-services-measurement:22.3.0] AndroidManifest.xml:26:5-110
29-->[com.google.android.gms:play-services-measurement:22.3.0] AndroidManifest.xml:26:22-107
30    <uses-permission android:name="com.google.android.gms.permission.AD_ID" />
30-->[com.google.android.gms:play-services-measurement-api:22.3.0] AndroidManifest.xml:25:5-79
30-->[com.google.android.gms:play-services-measurement-api:22.3.0] AndroidManifest.xml:25:22-76
31    <uses-permission android:name="android.permission.ACCESS_ADSERVICES_ATTRIBUTION" />
31-->[com.google.android.gms:play-services-measurement-api:22.3.0] AndroidManifest.xml:26:5-88
31-->[com.google.android.gms:play-services-measurement-api:22.3.0] AndroidManifest.xml:26:22-85
32    <uses-permission android:name="android.permission.ACCESS_ADSERVICES_AD_ID" />
32-->[com.google.android.gms:play-services-measurement-api:22.3.0] AndroidManifest.xml:27:5-82
32-->[com.google.android.gms:play-services-measurement-api:22.3.0] AndroidManifest.xml:27:22-79
33    <uses-permission android:name="com.google.android.providers.gsf.permission.READ_GSERVICES" />
33-->[com.google.android.recaptcha:recaptcha:18.6.1] AndroidManifest.xml:9:5-98
33-->[com.google.android.recaptcha:recaptcha:18.6.1] AndroidManifest.xml:9:22-95
34
35    <permission
35-->[androidx.core:core:1.13.0] AndroidManifest.xml:22:5-24:47
36        android:name="com.example.myapplication.DYNAMIC_RECEIVER_NOT_EXPORTED_PERMISSION"
36-->[androidx.core:core:1.13.0] AndroidManifest.xml:23:9-81
37        android:protectionLevel="signature" />
37-->[androidx.core:core:1.13.0] AndroidManifest.xml:24:9-44
38
39    <uses-permission android:name="com.example.myapplication.DYNAMIC_RECEIVER_NOT_EXPORTED_PERMISSION" />
39-->[androidx.core:core:1.13.0] AndroidManifest.xml:26:5-97
39-->[androidx.core:core:1.13.0] AndroidManifest.xml:26:22-94
40
41    <application
41-->src\main\AndroidManifest.xml:11:5-56:19
42        android:allowBackup="true"
42-->src\main\AndroidManifest.xml:12:9-35
43        android:appComponentFactory="androidx.core.app.CoreComponentFactory"
43-->[androidx.core:core:1.13.0] AndroidManifest.xml:28:18-86
44        android:dataExtractionRules="@xml/data_extraction_rules"
44-->src\main\AndroidManifest.xml:13:9-65
45        android:debuggable="true"
46        android:extractNativeLibs="false"
47        android:fullBackupContent="@xml/backup_rules"
47-->src\main\AndroidManifest.xml:14:9-54
48        android:icon="@mipmap/ic_launcher"
48-->src\main\AndroidManifest.xml:15:9-43
49        android:label="@string/app_name"
49-->src\main\AndroidManifest.xml:16:9-41
50        android:roundIcon="@mipmap/ic_launcher_round"
50-->src\main\AndroidManifest.xml:17:9-54
51        android:supportsRtl="true"
51-->src\main\AndroidManifest.xml:18:9-35
52        android:testOnly="true"
53        android:theme="@style/Theme.MyApplication" >
53-->src\main\AndroidManifest.xml:19:9-51
54
55        <!-- Khai báo API Key của Google Maps -->
56        <meta-data
56-->src\main\AndroidManifest.xml:23:9-25:70
57            android:name="com.google.android.geo.API_KEY"
57-->src\main\AndroidManifest.xml:24:13-58
58            android:value="AIzaSyD88lQgGXHV5qERgU5cj0Q_F5j01i1dy6s" />
58-->src\main\AndroidManifest.xml:25:13-68
59
60        <!-- LoginActivity là màn hình khởi động chính -->
61        <activity
61-->src\main\AndroidManifest.xml:28:9-34:20
62            android:name="com.example.myapplication.LoginActivity"
62-->src\main\AndroidManifest.xml:28:19-73
63            android:exported="true" >
63-->src\main\AndroidManifest.xml:29:13-36
64            <intent-filter>
64-->src\main\AndroidManifest.xml:30:13-33:29
65                <action android:name="android.intent.action.MAIN" />
65-->src\main\AndroidManifest.xml:31:17-68
65-->src\main\AndroidManifest.xml:31:25-66
66
67                <category android:name="android.intent.category.LAUNCHER" />
67-->src\main\AndroidManifest.xml:32:17-76
67-->src\main\AndroidManifest.xml:32:27-74
68            </intent-filter>
69        </activity>
70
71        <!-- HomeActivity (Màn hình sau khi đăng nhập) -->
72        <activity
72-->src\main\AndroidManifest.xml:37:9-38:38
73            android:name="com.example.myapplication.HomeActivity"
73-->src\main\AndroidManifest.xml:37:19-72
74            android:exported="true" />
74-->src\main\AndroidManifest.xml:38:13-36
75
76        <!-- Các màn hình khác -->
77        <activity
77-->src\main\AndroidManifest.xml:41:9-42:39
78            android:name="com.example.myapplication.SignupActivity"
78-->src\main\AndroidManifest.xml:41:19-74
79            android:exported="false" />
79-->src\main\AndroidManifest.xml:42:13-37
80        <activity
80-->src\main\AndroidManifest.xml:43:9-44:39
81            android:name="com.example.myapplication.LoginOtpActivity"
81-->src\main\AndroidManifest.xml:43:19-76
82            android:exported="false" />
82-->src\main\AndroidManifest.xml:44:13-37
83        <activity
83-->src\main\AndroidManifest.xml:45:9-46:39
84            android:name="com.example.myapplication.ForgotPassActivity"
84-->src\main\AndroidManifest.xml:45:19-78
85            android:exported="false" />
85-->src\main\AndroidManifest.xml:46:13-37
86
87        <!-- MainActivity (Map) nhưng không phải là launcher -->
88        <activity
88-->src\main\AndroidManifest.xml:49:9-50:38
89            android:name="com.example.myapplication.MainActivity"
89-->src\main\AndroidManifest.xml:49:19-72
90            android:exported="true" />
90-->src\main\AndroidManifest.xml:50:13-36
91
92        <!-- ChoiceLoginActivity để chọn phương thức đăng nhập -->
93        <activity
93-->src\main\AndroidManifest.xml:53:9-54:38
94            android:name="com.example.myapplication.ChoiceLoginActivity"
94-->src\main\AndroidManifest.xml:53:19-79
95            android:exported="true" />
95-->src\main\AndroidManifest.xml:54:13-36
96
97        <!-- Needs to be explicitly declared on P+ -->
98        <uses-library
98-->[com.google.android.gms:play-services-maps:18.2.0] AndroidManifest.xml:39:9-41:40
99            android:name="org.apache.http.legacy"
99-->[com.google.android.gms:play-services-maps:18.2.0] AndroidManifest.xml:40:13-50
100            android:required="false" />
100-->[com.google.android.gms:play-services-maps:18.2.0] AndroidManifest.xml:41:13-37
101
102        <service
102-->[com.google.firebase:firebase-auth-ktx:23.2.0] AndroidManifest.xml:8:9-14:19
103            android:name="com.google.firebase.components.ComponentDiscoveryService"
103-->[com.google.firebase:firebase-auth-ktx:23.2.0] AndroidManifest.xml:9:13-84
104            android:directBootAware="true"
104-->[com.google.firebase:firebase-common:21.0.0] AndroidManifest.xml:32:13-43
105            android:exported="false" >
105-->[com.google.firebase:firebase-auth-ktx:23.2.0] AndroidManifest.xml:10:13-37
106            <meta-data
106-->[com.google.firebase:firebase-auth-ktx:23.2.0] AndroidManifest.xml:11:13-13:85
107                android:name="com.google.firebase.components:com.google.firebase.auth.ktx.FirebaseAuthLegacyRegistrar"
107-->[com.google.firebase:firebase-auth-ktx:23.2.0] AndroidManifest.xml:12:17-119
108                android:value="com.google.firebase.components.ComponentRegistrar" />
108-->[com.google.firebase:firebase-auth-ktx:23.2.0] AndroidManifest.xml:13:17-82
109            <meta-data
109-->[com.google.firebase:firebase-auth:23.2.0] AndroidManifest.xml:69:13-71:85
110                android:name="com.google.firebase.components:com.google.firebase.auth.FirebaseAuthRegistrar"
110-->[com.google.firebase:firebase-auth:23.2.0] AndroidManifest.xml:70:17-109
111                android:value="com.google.firebase.components.ComponentRegistrar" />
111-->[com.google.firebase:firebase-auth:23.2.0] AndroidManifest.xml:71:17-82
112            <meta-data
112-->[com.google.firebase:firebase-firestore:25.1.2] AndroidManifest.xml:17:13-19:85
113                android:name="com.google.firebase.components:com.google.firebase.firestore.FirebaseFirestoreKtxRegistrar"
113-->[com.google.firebase:firebase-firestore:25.1.2] AndroidManifest.xml:18:17-122
114                android:value="com.google.firebase.components.ComponentRegistrar" />
114-->[com.google.firebase:firebase-firestore:25.1.2] AndroidManifest.xml:19:17-82
115            <meta-data
115-->[com.google.firebase:firebase-firestore:25.1.2] AndroidManifest.xml:20:13-22:85
116                android:name="com.google.firebase.components:com.google.firebase.firestore.FirestoreRegistrar"
116-->[com.google.firebase:firebase-firestore:25.1.2] AndroidManifest.xml:21:17-111
117                android:value="com.google.firebase.components.ComponentRegistrar" />
117-->[com.google.firebase:firebase-firestore:25.1.2] AndroidManifest.xml:22:17-82
118            <meta-data
118-->[com.google.android.gms:play-services-measurement-api:22.3.0] AndroidManifest.xml:33:13-35:85
119                android:name="com.google.firebase.components:com.google.firebase.analytics.connector.internal.AnalyticsConnectorRegistrar"
119-->[com.google.android.gms:play-services-measurement-api:22.3.0] AndroidManifest.xml:34:17-139
120                android:value="com.google.firebase.components.ComponentRegistrar" />
120-->[com.google.android.gms:play-services-measurement-api:22.3.0] AndroidManifest.xml:35:17-82
121            <meta-data
121-->[com.google.firebase:firebase-installations:18.0.0] AndroidManifest.xml:15:13-17:85
122                android:name="com.google.firebase.components:com.google.firebase.installations.FirebaseInstallationsKtxRegistrar"
122-->[com.google.firebase:firebase-installations:18.0.0] AndroidManifest.xml:16:17-130
123                android:value="com.google.firebase.components.ComponentRegistrar" />
123-->[com.google.firebase:firebase-installations:18.0.0] AndroidManifest.xml:17:17-82
124            <meta-data
124-->[com.google.firebase:firebase-installations:18.0.0] AndroidManifest.xml:18:13-20:85
125                android:name="com.google.firebase.components:com.google.firebase.installations.FirebaseInstallationsRegistrar"
125-->[com.google.firebase:firebase-installations:18.0.0] AndroidManifest.xml:19:17-127
126                android:value="com.google.firebase.components.ComponentRegistrar" />
126-->[com.google.firebase:firebase-installations:18.0.0] AndroidManifest.xml:20:17-82
127            <meta-data
127-->[com.google.firebase:firebase-common-ktx:21.0.0] AndroidManifest.xml:12:13-14:85
128                android:name="com.google.firebase.components:com.google.firebase.ktx.FirebaseCommonLegacyRegistrar"
128-->[com.google.firebase:firebase-common-ktx:21.0.0] AndroidManifest.xml:13:17-116
129                android:value="com.google.firebase.components.ComponentRegistrar" />
129-->[com.google.firebase:firebase-common-ktx:21.0.0] AndroidManifest.xml:14:17-82
130            <meta-data
130-->[com.google.firebase:firebase-common:21.0.0] AndroidManifest.xml:35:13-37:85
131                android:name="com.google.firebase.components:com.google.firebase.FirebaseCommonKtxRegistrar"
131-->[com.google.firebase:firebase-common:21.0.0] AndroidManifest.xml:36:17-109
132                android:value="com.google.firebase.components.ComponentRegistrar" />
132-->[com.google.firebase:firebase-common:21.0.0] AndroidManifest.xml:37:17-82
133        </service>
134
135        <activity
135-->[com.google.firebase:firebase-auth:23.2.0] AndroidManifest.xml:29:9-46:20
136            android:name="com.google.firebase.auth.internal.GenericIdpActivity"
136-->[com.google.firebase:firebase-auth:23.2.0] AndroidManifest.xml:30:13-80
137            android:excludeFromRecents="true"
137-->[com.google.firebase:firebase-auth:23.2.0] AndroidManifest.xml:31:13-46
138            android:exported="true"
138-->[com.google.firebase:firebase-auth:23.2.0] AndroidManifest.xml:32:13-36
139            android:launchMode="singleTask"
139-->[com.google.firebase:firebase-auth:23.2.0] AndroidManifest.xml:33:13-44
140            android:theme="@android:style/Theme.Translucent.NoTitleBar" >
140-->[com.google.firebase:firebase-auth:23.2.0] AndroidManifest.xml:34:13-72
141            <intent-filter>
141-->[com.google.firebase:firebase-auth:23.2.0] AndroidManifest.xml:35:13-45:29
142                <action android:name="android.intent.action.VIEW" />
142-->[com.google.firebase:firebase-auth:23.2.0] AndroidManifest.xml:36:17-69
142-->[com.google.firebase:firebase-auth:23.2.0] AndroidManifest.xml:36:25-66
143
144                <category android:name="android.intent.category.DEFAULT" />
144-->[com.google.firebase:firebase-auth:23.2.0] AndroidManifest.xml:38:17-76
144-->[com.google.firebase:firebase-auth:23.2.0] AndroidManifest.xml:38:27-73
145                <category android:name="android.intent.category.BROWSABLE" />
145-->[com.google.firebase:firebase-auth:23.2.0] AndroidManifest.xml:39:17-78
145-->[com.google.firebase:firebase-auth:23.2.0] AndroidManifest.xml:39:27-75
146
147                <data
147-->[com.google.firebase:firebase-auth:23.2.0] AndroidManifest.xml:41:17-44:51
148                    android:host="firebase.auth"
148-->[com.google.firebase:firebase-auth:23.2.0] AndroidManifest.xml:42:21-49
149                    android:path="/"
149-->[com.google.firebase:firebase-auth:23.2.0] AndroidManifest.xml:43:21-37
150                    android:scheme="genericidp" />
150-->[com.google.firebase:firebase-auth:23.2.0] AndroidManifest.xml:44:21-48
151            </intent-filter>
152        </activity>
153        <activity
153-->[com.google.firebase:firebase-auth:23.2.0] AndroidManifest.xml:47:9-64:20
154            android:name="com.google.firebase.auth.internal.RecaptchaActivity"
154-->[com.google.firebase:firebase-auth:23.2.0] AndroidManifest.xml:48:13-79
155            android:excludeFromRecents="true"
155-->[com.google.firebase:firebase-auth:23.2.0] AndroidManifest.xml:49:13-46
156            android:exported="true"
156-->[com.google.firebase:firebase-auth:23.2.0] AndroidManifest.xml:50:13-36
157            android:launchMode="singleTask"
157-->[com.google.firebase:firebase-auth:23.2.0] AndroidManifest.xml:51:13-44
158            android:theme="@android:style/Theme.Translucent.NoTitleBar" >
158-->[com.google.firebase:firebase-auth:23.2.0] AndroidManifest.xml:52:13-72
159            <intent-filter>
159-->[com.google.firebase:firebase-auth:23.2.0] AndroidManifest.xml:53:13-63:29
160                <action android:name="android.intent.action.VIEW" />
160-->[com.google.firebase:firebase-auth:23.2.0] AndroidManifest.xml:36:17-69
160-->[com.google.firebase:firebase-auth:23.2.0] AndroidManifest.xml:36:25-66
161
162                <category android:name="android.intent.category.DEFAULT" />
162-->[com.google.firebase:firebase-auth:23.2.0] AndroidManifest.xml:38:17-76
162-->[com.google.firebase:firebase-auth:23.2.0] AndroidManifest.xml:38:27-73
163                <category android:name="android.intent.category.BROWSABLE" />
163-->[com.google.firebase:firebase-auth:23.2.0] AndroidManifest.xml:39:17-78
163-->[com.google.firebase:firebase-auth:23.2.0] AndroidManifest.xml:39:27-75
164
165                <data
165-->[com.google.firebase:firebase-auth:23.2.0] AndroidManifest.xml:41:17-44:51
166                    android:host="firebase.auth"
166-->[com.google.firebase:firebase-auth:23.2.0] AndroidManifest.xml:42:21-49
167                    android:path="/"
167-->[com.google.firebase:firebase-auth:23.2.0] AndroidManifest.xml:43:21-37
168                    android:scheme="recaptcha" />
168-->[com.google.firebase:firebase-auth:23.2.0] AndroidManifest.xml:44:21-48
169            </intent-filter>
170        </activity>
171
172        <receiver
172-->[com.google.android.gms:play-services-measurement:22.3.0] AndroidManifest.xml:29:9-33:20
173            android:name="com.google.android.gms.measurement.AppMeasurementReceiver"
173-->[com.google.android.gms:play-services-measurement:22.3.0] AndroidManifest.xml:30:13-85
174            android:enabled="true"
174-->[com.google.android.gms:play-services-measurement:22.3.0] AndroidManifest.xml:31:13-35
175            android:exported="false" >
175-->[com.google.android.gms:play-services-measurement:22.3.0] AndroidManifest.xml:32:13-37
176        </receiver>
177
178        <service
178-->[com.google.android.gms:play-services-measurement:22.3.0] AndroidManifest.xml:35:9-38:40
179            android:name="com.google.android.gms.measurement.AppMeasurementService"
179-->[com.google.android.gms:play-services-measurement:22.3.0] AndroidManifest.xml:36:13-84
180            android:enabled="true"
180-->[com.google.android.gms:play-services-measurement:22.3.0] AndroidManifest.xml:37:13-35
181            android:exported="false" />
181-->[com.google.android.gms:play-services-measurement:22.3.0] AndroidManifest.xml:38:13-37
182        <service
182-->[com.google.android.gms:play-services-measurement:22.3.0] AndroidManifest.xml:39:9-43:72
183            android:name="com.google.android.gms.measurement.AppMeasurementJobService"
183-->[com.google.android.gms:play-services-measurement:22.3.0] AndroidManifest.xml:40:13-87
184            android:enabled="true"
184-->[com.google.android.gms:play-services-measurement:22.3.0] AndroidManifest.xml:41:13-35
185            android:exported="false"
185-->[com.google.android.gms:play-services-measurement:22.3.0] AndroidManifest.xml:42:13-37
186            android:permission="android.permission.BIND_JOB_SERVICE" />
186-->[com.google.android.gms:play-services-measurement:22.3.0] AndroidManifest.xml:43:13-69
187        <service
187-->[androidx.credentials:credentials-play-services-auth:1.2.0-rc01] AndroidManifest.xml:24:9-32:19
188            android:name="androidx.credentials.playservices.CredentialProviderMetadataHolder"
188-->[androidx.credentials:credentials-play-services-auth:1.2.0-rc01] AndroidManifest.xml:25:13-94
189            android:enabled="true"
189-->[androidx.credentials:credentials-play-services-auth:1.2.0-rc01] AndroidManifest.xml:26:13-35
190            android:exported="false" >
190-->[androidx.credentials:credentials-play-services-auth:1.2.0-rc01] AndroidManifest.xml:27:13-37
191            <meta-data
191-->[androidx.credentials:credentials-play-services-auth:1.2.0-rc01] AndroidManifest.xml:29:13-31:104
192                android:name="androidx.credentials.CREDENTIAL_PROVIDER_KEY"
192-->[androidx.credentials:credentials-play-services-auth:1.2.0-rc01] AndroidManifest.xml:30:17-76
193                android:value="androidx.credentials.playservices.CredentialProviderPlayServicesImpl" />
193-->[androidx.credentials:credentials-play-services-auth:1.2.0-rc01] AndroidManifest.xml:31:17-101
194        </service>
195
196        <activity
196-->[androidx.credentials:credentials-play-services-auth:1.2.0-rc01] AndroidManifest.xml:34:9-41:20
197            android:name="androidx.credentials.playservices.HiddenActivity"
197-->[androidx.credentials:credentials-play-services-auth:1.2.0-rc01] AndroidManifest.xml:35:13-76
198            android:configChanges="orientation|screenSize|screenLayout|keyboardHidden"
198-->[androidx.credentials:credentials-play-services-auth:1.2.0-rc01] AndroidManifest.xml:36:13-87
199            android:enabled="true"
199-->[androidx.credentials:credentials-play-services-auth:1.2.0-rc01] AndroidManifest.xml:37:13-35
200            android:exported="false"
200-->[androidx.credentials:credentials-play-services-auth:1.2.0-rc01] AndroidManifest.xml:38:13-37
201            android:fitsSystemWindows="true"
201-->[androidx.credentials:credentials-play-services-auth:1.2.0-rc01] AndroidManifest.xml:39:13-45
202            android:theme="@style/Theme.Hidden" >
202-->[androidx.credentials:credentials-play-services-auth:1.2.0-rc01] AndroidManifest.xml:40:13-48
203        </activity>
204        <activity
204-->[com.google.android.gms:play-services-auth:20.7.0] AndroidManifest.xml:23:9-27:75
205            android:name="com.google.android.gms.auth.api.signin.internal.SignInHubActivity"
205-->[com.google.android.gms:play-services-auth:20.7.0] AndroidManifest.xml:24:13-93
206            android:excludeFromRecents="true"
206-->[com.google.android.gms:play-services-auth:20.7.0] AndroidManifest.xml:25:13-46
207            android:exported="false"
207-->[com.google.android.gms:play-services-auth:20.7.0] AndroidManifest.xml:26:13-37
208            android:theme="@android:style/Theme.Translucent.NoTitleBar" />
208-->[com.google.android.gms:play-services-auth:20.7.0] AndroidManifest.xml:27:13-72
209        <!--
210            Service handling Google Sign-In user revocation. For apps that do not integrate with
211            Google Sign-In, this service will never be started.
212        -->
213        <service
213-->[com.google.android.gms:play-services-auth:20.7.0] AndroidManifest.xml:33:9-37:51
214            android:name="com.google.android.gms.auth.api.signin.RevocationBoundService"
214-->[com.google.android.gms:play-services-auth:20.7.0] AndroidManifest.xml:34:13-89
215            android:exported="true"
215-->[com.google.android.gms:play-services-auth:20.7.0] AndroidManifest.xml:35:13-36
216            android:permission="com.google.android.gms.auth.api.signin.permission.REVOCATION_NOTIFICATION"
216-->[com.google.android.gms:play-services-auth:20.7.0] AndroidManifest.xml:36:13-107
217            android:visibleToInstantApps="true" />
217-->[com.google.android.gms:play-services-auth:20.7.0] AndroidManifest.xml:37:13-48
218
219        <provider
219-->[com.google.firebase:firebase-common:21.0.0] AndroidManifest.xml:23:9-28:39
220            android:name="com.google.firebase.provider.FirebaseInitProvider"
220-->[com.google.firebase:firebase-common:21.0.0] AndroidManifest.xml:24:13-77
221            android:authorities="com.example.myapplication.firebaseinitprovider"
221-->[com.google.firebase:firebase-common:21.0.0] AndroidManifest.xml:25:13-72
222            android:directBootAware="true"
222-->[com.google.firebase:firebase-common:21.0.0] AndroidManifest.xml:26:13-43
223            android:exported="false"
223-->[com.google.firebase:firebase-common:21.0.0] AndroidManifest.xml:27:13-37
224            android:initOrder="100" />
224-->[com.google.firebase:firebase-common:21.0.0] AndroidManifest.xml:28:13-36
225        <provider
225-->[androidx.emoji2:emoji2:1.3.0] AndroidManifest.xml:24:9-32:20
226            android:name="androidx.startup.InitializationProvider"
226-->[androidx.emoji2:emoji2:1.3.0] AndroidManifest.xml:25:13-67
227            android:authorities="com.example.myapplication.androidx-startup"
227-->[androidx.emoji2:emoji2:1.3.0] AndroidManifest.xml:26:13-68
228            android:exported="false" >
228-->[androidx.emoji2:emoji2:1.3.0] AndroidManifest.xml:27:13-37
229            <meta-data
229-->[androidx.emoji2:emoji2:1.3.0] AndroidManifest.xml:29:13-31:52
230                android:name="androidx.emoji2.text.EmojiCompatInitializer"
230-->[androidx.emoji2:emoji2:1.3.0] AndroidManifest.xml:30:17-75
231                android:value="androidx.startup" />
231-->[androidx.emoji2:emoji2:1.3.0] AndroidManifest.xml:31:17-49
232            <meta-data
232-->[androidx.lifecycle:lifecycle-process:2.6.2] AndroidManifest.xml:29:13-31:52
233                android:name="androidx.lifecycle.ProcessLifecycleInitializer"
233-->[androidx.lifecycle:lifecycle-process:2.6.2] AndroidManifest.xml:30:17-78
234                android:value="androidx.startup" />
234-->[androidx.lifecycle:lifecycle-process:2.6.2] AndroidManifest.xml:31:17-49
235            <meta-data
235-->[androidx.profileinstaller:profileinstaller:1.4.0] AndroidManifest.xml:29:13-31:52
236                android:name="androidx.profileinstaller.ProfileInstallerInitializer"
236-->[androidx.profileinstaller:profileinstaller:1.4.0] AndroidManifest.xml:30:17-85
237                android:value="androidx.startup" />
237-->[androidx.profileinstaller:profileinstaller:1.4.0] AndroidManifest.xml:31:17-49
238        </provider>
239
240        <uses-library
240-->[androidx.privacysandbox.ads:ads-adservices:1.1.0-beta11] AndroidManifest.xml:23:9-25:40
241            android:name="android.ext.adservices"
241-->[androidx.privacysandbox.ads:ads-adservices:1.1.0-beta11] AndroidManifest.xml:24:13-50
242            android:required="false" />
242-->[androidx.privacysandbox.ads:ads-adservices:1.1.0-beta11] AndroidManifest.xml:25:13-37
243        <uses-library
243-->[androidx.window:window:1.0.0] AndroidManifest.xml:25:9-27:40
244            android:name="androidx.window.extensions"
244-->[androidx.window:window:1.0.0] AndroidManifest.xml:26:13-54
245            android:required="false" />
245-->[androidx.window:window:1.0.0] AndroidManifest.xml:27:13-37
246        <uses-library
246-->[androidx.window:window:1.0.0] AndroidManifest.xml:28:9-30:40
247            android:name="androidx.window.sidecar"
247-->[androidx.window:window:1.0.0] AndroidManifest.xml:29:13-51
248            android:required="false" />
248-->[androidx.window:window:1.0.0] AndroidManifest.xml:30:13-37
249
250        <activity
250-->[com.google.android.gms:play-services-base:18.5.0] AndroidManifest.xml:5:9-173
251            android:name="com.google.android.gms.common.api.GoogleApiActivity"
251-->[com.google.android.gms:play-services-base:18.5.0] AndroidManifest.xml:5:19-85
252            android:exported="false"
252-->[com.google.android.gms:play-services-base:18.5.0] AndroidManifest.xml:5:146-170
253            android:theme="@android:style/Theme.Translucent.NoTitleBar" />
253-->[com.google.android.gms:play-services-base:18.5.0] AndroidManifest.xml:5:86-145
254
255        <meta-data
255-->[com.google.android.gms:play-services-basement:18.5.0] AndroidManifest.xml:21:9-23:69
256            android:name="com.google.android.gms.version"
256-->[com.google.android.gms:play-services-basement:18.5.0] AndroidManifest.xml:22:13-58
257            android:value="@integer/google_play_services_version" />
257-->[com.google.android.gms:play-services-basement:18.5.0] AndroidManifest.xml:23:13-66
258
259        <receiver
259-->[androidx.profileinstaller:profileinstaller:1.4.0] AndroidManifest.xml:34:9-52:20
260            android:name="androidx.profileinstaller.ProfileInstallReceiver"
260-->[androidx.profileinstaller:profileinstaller:1.4.0] AndroidManifest.xml:35:13-76
261            android:directBootAware="false"
261-->[androidx.profileinstaller:profileinstaller:1.4.0] AndroidManifest.xml:36:13-44
262            android:enabled="true"
262-->[androidx.profileinstaller:profileinstaller:1.4.0] AndroidManifest.xml:37:13-35
263            android:exported="true"
263-->[androidx.profileinstaller:profileinstaller:1.4.0] AndroidManifest.xml:38:13-36
264            android:permission="android.permission.DUMP" >
264-->[androidx.profileinstaller:profileinstaller:1.4.0] AndroidManifest.xml:39:13-57
265            <intent-filter>
265-->[androidx.profileinstaller:profileinstaller:1.4.0] AndroidManifest.xml:40:13-42:29
266                <action android:name="androidx.profileinstaller.action.INSTALL_PROFILE" />
266-->[androidx.profileinstaller:profileinstaller:1.4.0] AndroidManifest.xml:41:17-91
266-->[androidx.profileinstaller:profileinstaller:1.4.0] AndroidManifest.xml:41:25-88
267            </intent-filter>
268            <intent-filter>
268-->[androidx.profileinstaller:profileinstaller:1.4.0] AndroidManifest.xml:43:13-45:29
269                <action android:name="androidx.profileinstaller.action.SKIP_FILE" />
269-->[androidx.profileinstaller:profileinstaller:1.4.0] AndroidManifest.xml:44:17-85
269-->[androidx.profileinstaller:profileinstaller:1.4.0] AndroidManifest.xml:44:25-82
270            </intent-filter>
271            <intent-filter>
271-->[androidx.profileinstaller:profileinstaller:1.4.0] AndroidManifest.xml:46:13-48:29